[debug] [2024-09-10T16:20:24.884Z] ----------------------------------------------------------------------
[debug] [2024-09-10T16:20:24.886Z] Command:       C:\Program Files\nodejs\node.exe C:\Users\KIIT\AppData\Roaming\npm\node_modules\firebase-tools\lib\bin\firebase.js init
[debug] [2024-09-10T16:20:24.887Z] CLI Version:   13.16.0
[debug] [2024-09-10T16:20:24.887Z] Platform:      win32
[debug] [2024-09-10T16:20:24.887Z] Node Version:  v20.14.0
[debug] [2024-09-10T16:20:24.887Z] Time:          Tue Sep 10 2024 21:50:24 GMT+0530 (India Standard Time)
[debug] [2024-09-10T16:20:24.887Z] ----------------------------------------------------------------------
[debug] 
[debug] [2024-09-10T16:20:24.891Z] >>> [apiv2][query] GET https://firebase-public.firebaseio.com/cli.json [none]
[debug] [2024-09-10T16:20:24.930Z] > command requires scopes: ["email","openid","https://www.googleapis.com/auth/cloudplatformprojects.readonly","https://www.googleapis.com/auth/firebase","https://www.googleapis.com/auth/cloud-platform"]
[debug] [2024-09-10T16:20:24.930Z] > authorizing via signed-in user (gagandash002@gmail.com)
[info] 
     ######## #### ########  ######## ########     ###     ######  ########
     ##        ##  ##     ## ##       ##     ##  ##   ##  ##       ##
     ######    ##  ########  ######   ########  #########  ######  ######
     ##        ##  ##    ##  ##       ##     ## ##     ##       ## ##
     ##       #### ##     ## ######## ########  ##     ##  ######  ########

You're about to initialize a Firebase project in this directory:

  C:\Users\KIIT\Desktop\GIT\musify

[debug] [2024-09-10T16:20:25.697Z] <<< [apiv2][status] GET https://firebase-public.firebaseio.com/cli.json 200
[debug] [2024-09-10T16:20:25.697Z] <<< [apiv2][body] GET https://firebase-public.firebaseio.com/cli.json {"cloudBuildErrorAfter":1594252800000,"cloudBuildWarnAfter":1590019200000,"defaultNode10After":1594252800000,"minVersion":"3.0.5","node8DeploysDisabledAfter":1613390400000,"node8RuntimeDisabledAfter":1615809600000,"node8WarnAfter":1600128000000}
[info] 
=== Project Setup
[info] 
[info] First, let's associate this project directory with a Firebase project.
[info] You can create multiple project aliases by running firebase use --add, 
[info] but for now we'll just set up a default project.
[info] 
[debug] [2024-09-10T16:20:41.988Z] > refreshing access token with scopes: []
[debug] [2024-09-10T16:20:41.989Z] >>> [apiv2][query] POST https://www.googleapis.com/oauth2/v3/token [none]
[debug] [2024-09-10T16:20:41.989Z] >>> [apiv2][body] POST https://www.googleapis.com/oauth2/v3/token [omitted]
[debug] [2024-09-10T16:20:42.365Z] <<< [apiv2][status] POST https://www.googleapis.com/oauth2/v3/token 200
[debug] [2024-09-10T16:20:42.365Z] <<< [apiv2][body] POST https://www.googleapis.com/oauth2/v3/token [omitted]
[debug] [2024-09-10T16:20:42.384Z] >>> [apiv2][query] GET https://firebase.googleapis.com/v1beta1/projects pageSize=100
[debug] [2024-09-10T16:20:43.312Z] <<< [apiv2][status] GET https://firebase.googleapis.com/v1beta1/projects 200
[debug] [2024-09-10T16:20:43.313Z] <<< [apiv2][body] GET https://firebase.googleapis.com/v1beta1/projects [omitted]
